<?xml version="1.0" encoding="UTF-8"?>
<robot generator="Robot 3.2.2 (Python 3.9.2 on win32)" generated="20210325 12:03:48.196" rpa="false">
<suite id="s1" name="RobotFramework" source="C:\Users\Sridhar\eclipse-workspace\RobotFramework">
<suite id="s1-s1" name="TestSuit" source="C:\Users\Sridhar\eclipse-workspace\RobotFramework\TestSuit.robot">
<test id="s1-s1-t1" name="MyFirstTest">
<kw name="Log" library="BuiltIn">
<doc>Logs the given message with the given level.</doc>
<arguments>
<arg>Hello World...</arg>
</arguments>
<msg timestamp="20210325 12:03:50.017" level="INFO">Hello World...</msg>
<status status="PASS" starttime="20210325 12:03:50.017" endtime="20210325 12:03:50.017"></status>
</kw>
<status status="PASS" starttime="20210325 12:03:50.016" endtime="20210325 12:03:50.017" critical="yes"></status>
</test>
<test id="s1-s1-t2" name="FirstSeleniumTest">
<kw name="Open Browser" library="SeleniumLibrary">
<doc>Opens a new browser instance to the optional ``url``.</doc>
<arguments>
<arg>https://dev-api.iempowernow.com/b/login-business</arg>
<arg>chrome</arg>
</arguments>
<msg timestamp="20210325 12:03:50.018" level="INFO">Opening browser 'chrome' to base url 'https://dev-api.iempowernow.com/b/login-business'.</msg>
<kw name="Capture Page Screenshot" library="SeleniumLibrary">
<doc>Takes a screenshot of the current page and embeds it into a log file.</doc>
<msg timestamp="20210325 12:03:53.789" level="INFO">Cannot capture screenshot because no browser is open.</msg>
<status status="PASS" starttime="20210325 12:03:53.782" endtime="20210325 12:03:53.789"></status>
</kw>
<msg timestamp="20210325 12:03:53.913" level="FAIL">SessionNotCreatedException: Message: session not created: This version of ChromeDriver only supports Chrome version 87
Current browser version is 89.0.4389.90 with binary path C:\Program Files\Google\Chrome\Application\chrome.exe
</msg>
<status status="FAIL" starttime="20210325 12:03:50.018" endtime="20210325 12:03:53.913"></status>
</kw>
<status status="FAIL" starttime="20210325 12:03:50.018" endtime="20210325 12:03:53.914" critical="yes">SessionNotCreatedException: Message: session not created: This version of ChromeDriver only supports Chrome version 87
Current browser version is 89.0.4389.90 with binary path C:\Program Files\Google\Chrome\Application\chrome.exe
</status>
</test>
<status status="FAIL" starttime="20210325 12:03:48.415" endtime="20210325 12:03:53.915"></status>
</suite>
<status status="FAIL" starttime="20210325 12:03:48.377" endtime="20210325 12:03:53.917"></status>
</suite>
<statistics>
<total>
<stat pass="1" fail="1">Critical Tests</stat>
<stat pass="1" fail="1">All Tests</stat>
</total>
<tag>
</tag>
<suite>
<stat pass="1" fail="1" id="s1" name="RobotFramework">RobotFramework</stat>
<stat pass="1" fail="1" id="s1-s1" name="TestSuit">RobotFramework.TestSuit</stat>
</suite>
</statistics>
<errors>
</errors>
</robot>
